0 
100 
200 
300 
400 
500 
600 
700 
800 
900 
1000 
1100 BUY 6x 4896
1200 
1300 SELL 1x 10002
1400 BUY 6x 10000
1500 BUY 4x 9998
SELL 1x 4896
1600 
1700 BUY 2x 4892
1800 SELL 4x 10000
1900 BUY 1x 4891
2000 
2100 
2200 BUY 4x 9998
2300 BUY 1x 4892
2400 
2500 
2600 SELL 1x 10002
BUY 4x 4894
2700 
2800 
2900 
3000 SELL 1x 4896
3100 
3200 SELL 2x 10002
3300 SELL 1x 10002
3400 
3500 
3600 
3700 
3800 
3900 
4000 SELL 1x 10002
4100 
4200 SELL 5x 10002
4300 
4400 
4500 
4600 
4700 
4800 SELL 1x 4898
4900 
5000 
5100 
5200 
5300 BUY 12x 9998
5400 
5500 
5600 
5700 SELL 4x 4899
5800 
5900 
6000 
6100 
6200 SELL 1x 4900
6300 
6400 
6500 
6600 
6700 
6800 
6900 
7000 
7100 BUY 5x 9998
7200 
7300 
7400 SELL 1x 10002
7500 
7600 SELL 1x 10002
7700 
7800 
7900 
8000 SELL 1x 4901
8100 
8200 SELL 4x 4899
8300 SELL 9x 4897
8400 SELL 5x 4898
8500 SELL 3x 4901
8600 
8700 SELL 1x 4901
8800 
8900 
9000 
9100 BUY 1x 9998
9200 
9300 SELL 11x 10002
9400 SELL 1x 10002
9500 SELL 1x 10002
9600 
9700 BUY 4x 10000
9800 
9900 BUY 9x 4896
10000 
10100 SELL 4x 10002
10200 
10300 
10400 
10500 
10600 
10700 BUY 3x 9998
10800 
10900 BUY 6x 10000
11000 BUY 9x 4895
11100 
11200 
11300 
11400 
11500 
11600 
11700 
11800 
11900 SELL 1x 10002
12000 
12100 BUY 8x 9998
12200 
12300 
12400 SELL 1x 10002
12500 
12600 
12700 SELL 1x 10002
12800 BUY 9x 4896
12900 
13000 
13100 BUY 2x 10000
13200 SELL 1x 4897
13300 SELL 2x 10002
13400 
13500 
13600 
13700 SELL 1x 10002
13800 
13900 
14000 SELL 6x 10002
14100 
14200 
14300 SELL 2x 4898
14400 SELL 4x 10002
14500 
14600 BUY 11x 4894
14700 
14800 BUY 1x 9998
BUY 4x 4896
14900 
15000 BUY 1x 4894
15100 BUY 1x 9998
15200 
15300 
15400 
15500 BUY 11x 9998
15600 
15700 
15800 
15900 BUY 8x 4897
16000 BUY 7x 4893
16100 
16200 BUY 1x 4894
16300 
16400 
16500 
16600 
16700 SELL 1x 10002
16800 
16900 
17000 
17100 
17200 
17300 
17400 BUY 11x 9998
17500 
17600 
17700 
17800 BUY 3x 9998
17900 BUY 1x 9998
18000 
18100 
18200 
18300 
18400 SELL 1x 4899
18500 SELL 1x 4899
18600 
18700 SELL 1x 10002
18800 
18900 SELL 1x 10002
SELL 8x 4899
19000 
19100 
19200 
19300 BUY 6x 9998
19400 
19500 
19600 SELL 1x 10002
BUY 4x 4895
19700 
19800 
19900 BUY 1x 9998
20000 BUY 1x 9998
BUY 12x 4894
20100 BUY 4x 9998
20200 SELL 1x 10002
20300 SELL 4x 10002
20400 SELL 2x 10002
20500 
20600 BUY 4x 9998
20700 
20800 
20900 BUY 1x 4892
21000 BUY 13x 4892
21100 BUY 2x 10000
21200 BUY 1x 9998
21300 
21400 
21500 
21600 
21700 
21800 
21900 
22000 
22100 SELL 1x 4897
22200 SELL 1x 10002
22300 
22400 BUY 3x 4896
22500 SELL 1x 4897
22600 
22700 BUY 9x 4896
22800 SELL 1x 10002
22900 SELL 2x 10002
23000 BUY 2x 4896
23100 
23200 BUY 4x 4896
23300 BUY 4x 4893
23400 
23500 SELL 1x 4896
23600 BUY 1x 4891
23700 SELL 1x 4896
23800 
23900 
24000 
24100 
24200 BUY 7x 4895
24300 SELL 1x 10002
BUY 1x 4891
24400 
24500 BUY 10x 4895
24600 BUY 2x 4892
24700 
24800 BUY 1x 4892
24900 BUY 24x 4896
25000 SELL 1x 10002
BUY 28x 4896
25100 BUY 27x 4896
25200 BUY 4x 10000
BUY 26x 4896
25300 BUY 22x 4896
25400 SELL 3x 10002
BUY 29x 4896
25500 BUY 24x 4896
25600 BUY 24x 4895
25700 BUY 1x 4895
25800 SELL 1x 10002
BUY 29x 4895
25900 BUY 29x 4895
26000 BUY 27x 4895
26100 SELL 1x 10002
BUY 25x 4895
26200 SELL 1x 10002
BUY 2x 4894
26300 BUY 1x 4889
26400 BUY 27x 4895
26500 BUY 22x 4895
26600 BUY 4x 9998
BUY 2x 4894
26700 BUY 26x 4895
26800 SELL 1x 10002
BUY 20x 4895
26900 BUY 22x 4895
27000 BUY 5x 4892
27100 BUY 1x 9998
BUY 9x 4893
27200 BUY 25x 4895
27300 BUY 8x 4893
27400 BUY 3x 9998
BUY 23x 4895
27500 BUY 30x 4895
27600 BUY 3x 4893
27700 BUY 32x 4895
27800 BUY 2x 4894
27900 BUY 29x 4895
28000 BUY 22x 4894
28100 BUY 21x 4895
28200 BUY 1x 4890
28300 BUY 30x 4894
28400 BUY 8x 4892
28500 BUY 1x 4888
28600 BUY 5x 10000
BUY 1x 4888
28700 BUY 2x 4893
28800 BUY 8x 4891
28900 BUY 5x 4892
29000 SELL 1x 10002
BUY 2x 4893
29100 BUY 2x 4892
29200 BUY 23x 4894
29300 BUY 23x 4894
29400 BUY 5x 4892
29500 BUY 20x 4894
29600 BUY 4x 10000
BUY 27x 4894
29700 BUY 7x 4892
29800 BUY 25x 4894
29900 BUY 32x 4894
30000 BUY 25x 4894
30100 BUY 21x 4894
30200 BUY 1x 9998
BUY 2x 4889
30300 SELL 4x 10002
BUY 31x 4894
30400 BUY 30x 4894
30500 BUY 2x 4893
30600 SELL 1x 10002
BUY 32x 4893
30700 BUY 29x 4893
30800 BUY 31x 4893
30900 BUY 21x 4893
31000 BUY 2x 4892
31100 SELL 1x 10002
BUY 23x 4893
31200 BUY 7x 4891
31300 BUY 22x 4893
31400 BUY 3x 4892
31500 BUY 22x 4894
31600 BUY 3x 9998
BUY 24x 4894
31700 BUY 4x 4892
31800 BUY 2x 4892
31900 BUY 28x 4894
32000 BUY 10x 4891
32100 BUY 25x 4894
32200 BUY 5x 4891
32300 BUY 2x 4892
32400 BUY 29x 4892
32500 SELL 1x 10002
BUY 26x 4892
32600 BUY 2x 4891
32700 BUY 32x 4892
32800 BUY 29x 4892
32900 BUY 10x 4890
33000 BUY 28x 4892
33100 BUY 26x 4891
33200 BUY 1x 4890
33300 BUY 1x 4890
33400 BUY 20x 4892
33500 BUY 4x 4890
33600 BUY 2x 9998
BUY 27x 4891
33700 BUY 26x 4891
33800 BUY 4x 4889
33900 BUY 28x 4891
34000 BUY 30x 4891
34100 BUY 27x 4891
34200 BUY 3x 4889
34300 BUY 29x 4891
34400 BUY 2x 4890
34500 BUY 24x 4891
34600 BUY 24x 4891
34700 BUY 25x 4891
34800 BUY 4x 4886
34900 BUY 24x 4891
35000 
35100 BUY 23x 4890
35200 BUY 24x 4890
35300 BUY 23x 4890
35400 SELL 1x 10002
BUY 27x 4890
35500 BUY 29x 4890
35600 BUY 3x 4887
35700 BUY 9x 4888
35800 BUY 23x 4889
35900 BUY 30x 4889
36000 BUY 2x 10000
BUY 9x 4888
36100 BUY 23x 4890
36200 BUY 1x 4890
36300 BUY 31x 4890
36400 BUY 8x 4888
36500 BUY 1x 4885
36600 BUY 2x 10000
BUY 31x 4891
36700 SELL 1x 10002
BUY 22x 4891
36800 BUY 2x 4885
36900 BUY 22x 4891
37000 BUY 22x 4890
37100 BUY 24x 4891
37200 BUY 29x 4891
37300 BUY 23x 4890
37400 BUY 22x 4889
37500 BUY 31x 4889
37600 BUY 1x 4889
37700 SELL 1x 10002
BUY 20x 4890
37800 BUY 2x 4889
37900 BUY 29x 4889
38000 BUY 30x 4889
38100 BUY 1x 4889
38200 BUY 2x 4889
38300 BUY 22x 4890
38400 BUY 31x 4890
38500 BUY 2x 4889
38600 SELL 1x 10002
BUY 31x 4890
38700 BUY 2x 4890
38800 BUY 2x 4890
38900 BUY 25x 4891
39000 BUY 3x 10000
BUY 24x 4890
39100 BUY 3x 9998
BUY 30x 4890
39200 BUY 4x 10000
BUY 21x 4889
39300 BUY 24x 4890
39400 BUY 21x 4891
39500 BUY 29x 4891
39600 BUY 31x 4890
39700 BUY 6x 10000
BUY 1x 4889
39800 BUY 1x 9998
BUY 24x 4890
39900 BUY 29x 4890
40000 SELL 11x 10002
BUY 26x 4890
40100 BUY 30x 4890
40200 BUY 7x 4889
40300 SELL 4x 10002
BUY 30x 4890
40400 BUY 25x 4891
40500 BUY 5x 4885
40600 SELL 1x 10002
BUY 28x 4890
40700 BUY 30x 4890
40800 BUY 21x 4890
40900 BUY 25x 4890
41000 BUY 2x 10000
BUY 3x 4885
41100 BUY 2x 4890
41200 BUY 20x 4891
41300 BUY 27x 4891
41400 BUY 5x 4886
41500 BUY 2x 4891
41600 BUY 26x 4891
41700 BUY 23x 4891
41800 BUY 4x 4888
41900 BUY 8x 4890
42000 BUY 1x 9998
BUY 28x 4892
42100 SELL 2x 10002
BUY 22x 4893
42200 
42300 BUY 2x 4893
42400 BUY 2x 4891
42500 BUY 24x 4893
42600 BUY 28x 4892
42700 BUY 24x 4893
42800 BUY 2x 10000
BUY 29x 4892
42900 SELL 5x 10002
BUY 20x 4892
43000 BUY 6x 4890
43100 BUY 25x 4892
43200 BUY 5x 4891
43300 
43400 BUY 2x 4893
43500 BUY 7x 4891
43600 BUY 7x 4891
43700 BUY 6x 4890
43800 BUY 23x 4893
43900 BUY 1x 4887
44000 SELL 4x 10002
BUY 1x 4888
44100 BUY 24x 4893
44200 BUY 24x 4893
44300 BUY 2x 9998
44400 BUY 7x 4892
44500 BUY 30x 4893
44600 BUY 22x 4893
44700 BUY 27x 4893
44800 
44900 
45000 BUY 1x 4888
45100 BUY 1x 9998
45200 SELL 1x 10002
45300 
45400 
45500 BUY 3x 9998
45600 
45700 SELL 1x 10002
45800 
45900 
46000 BUY 1x 9998
46100 
46200 
46300 
46400 SELL 1x 4895
46500 BUY 1x 9998
46600 SELL 1x 4895
46700 
46800 
46900 
47000 
47100 BUY 1x 9998
47200 SELL 1x 4895
47300 
47400 
47500 BUY 1x 9998
47600 
47700 
47800 
47900 
48000 SELL 2x 10002
48100 
48200 
48300 SELL 1x 4895
48400 
48500 SELL 10x 4894
48600 
48700 BUY 2x 10000
48800 
48900 
49000 
49100 
49200 SELL 3x 10002
49300 
49400 
49500 
49600 BUY 3x 10000
49700 SELL 1x 4896
49800 
49900 
50000 SELL 2x 4893
50100 SELL 4x 10002
50200 SELL 7x 4894
50300 
50400 
50500 
50600 BUY 5x 10000
SELL 1x 4895
50700 
50800 
50900 BUY 5x 10000
51000 
51100 
51200 SELL 10x 4895
51300 BUY 5x 9998
51400 
51500 
51600 
51700 SELL 12x 4896
51800 
51900 
52000 BUY 5x 10000
52100 
52200 
52300 
52400 SELL 3x 10002
52500 
52600 
52700 
52800 BUY 8x 4892
52900 
53000 
53100 BUY 5x 9998
53200 SELL 1x 4897
53300 
53400 BUY 1x 9998
53500 
53600 
53700 
53800 SELL 8x 4893
53900 BUY 4x 10000
54000 
54100 
54200 
54300 SELL 1x 10002
54400 
54500 
54600 SELL 2x 10002
54700 SELL 23x 4893
54800 SELL 25x 4893
54900 SELL 1x 4898
55000 SELL 22x 4893
55100 SELL 2x 4894
55200 SELL 7x 4895
55300 SELL 22x 4894
55400 SELL 8x 4895
55500 SELL 24x 4894
55600 SELL 23x 4894
55700 SELL 22x 4893
55800 SELL 26x 4894
55900 SELL 20x 4894
56000 SELL 25x 4895
56100 BUY 1x 9998
SELL 28x 4894
56200 BUY 4x 10000
SELL 3x 4897
56300 SELL 28x 4894
56400 SELL 29x 4894
56500 SELL 21x 4894
56600 SELL 30x 4894
56700 SELL 6x 4895
56800 SELL 23x 4894
56900 SELL 21x 4894
57000 SELL 2x 4894
57100 SELL 1x 4899
57200 SELL 6x 4894
57300 SELL 1x 4894
57400 SELL 28x 4893
57500 
57600 
57700 SELL 2x 4893
57800 
57900 SELL 28x 4893
58000 
58100 SELL 7x 4894
58200 SELL 29x 4893
58300 SELL 30x 4893
58400 SELL 25x 4893
58500 SELL 5x 4894
58600 SELL 23x 4893
58700 BUY 1x 9998
SELL 1x 4893
58800 SELL 31x 4893
58900 SELL 1x 4899
59000 SELL 24x 4894
59100 SELL 9x 4894
59200 SELL 1x 10002
SELL 25x 4893
59300 SELL 5x 4894
59400 SELL 1x 10002
SELL 23x 4894
59500 SELL 24x 4894
59600 SELL 1x 10002
SELL 25x 4894
59700 SELL 1x 4899
59800 SELL 11x 4894
59900 SELL 2x 4894
60000 BUY 3x 9998
SELL 1x 4898
60100 SELL 28x 4893
60200 SELL 1x 4894
60300 SELL 3x 4894
60400 BUY 1x 9998
60500 BUY 2x 10000
60600 
60700 SELL 33x 4894
60800 SELL 1x 4899
60900 SELL 1x 4899
61000 BUY 1x 9998
SELL 26x 4894
61100 SELL 31x 4894
61200 SELL 22x 4894
61300 
61400 
61500 SELL 1x 4898
61600 
61700 
61800 
61900 
62000 
62100 
62200 
62300 
62400 
62500 
62600 SELL 12x 4897
62700 SELL 4x 4894
62800 
62900 SELL 11x 10002
SELL 5x 4894
63000 
63100 BUY 1x 9998
63200 
63300 SELL 4x 10002
SELL 1x 4899
63400 SELL 2x 4894
63500 
63600 SELL 1x 4899
63700 BUY 5x 10000
SELL 21x 4894
63800 BUY 1x 9998
SELL 28x 4894
63900 BUY 2x 10000
SELL 22x 4894
64000 BUY 11x 9998
SELL 30x 4894
64100 SELL 28x 4894
64200 SELL 2x 4895
64300 SELL 4x 4896
64400 SELL 29x 4894
64500 SELL 22x 4895
64600 SELL 29x 4895
64700 SELL 1x 10002
SELL 29x 4895
64800 SELL 20x 4895
64900 BUY 4x 9998
SELL 32x 4895
65000 SELL 27x 4895
65100 SELL 10x 4896
65200 SELL 28x 4895
65300 SELL 29x 4894
65400 SELL 1x 4900
65500 SELL 20x 4894
65600 SELL 3x 4895
65700 SELL 23x 4894
65800 SELL 4x 10002
SELL 30x 4894
65900 SELL 2x 4895
66000 SELL 6x 4897
66100 SELL 1x 4899
66200 SELL 1x 10002
SELL 23x 4894
66300 SELL 6x 4898
66400 
66500 SELL 1x 4897
66600 SELL 3x 10002
SELL 1x 4896
66700 SELL 2x 4896
66800 
66900 
67000 
67100 
67200 
67300 BUY 8x 4891
67400 
67500 
67600 
67700 BUY 3x 10000
67800 
67900 
68000 
68100 
68200 BUY 1x 9998
BUY 2x 4893
68300 BUY 7x 4892
68400 SELL 1x 10002
68500 SELL 1x 4897
68600 BUY 1x 9998
68700 SELL 10x 4894
68800 BUY 6x 10000
68900 SELL 4x 4897
69000 
69100 
69200 
69300 
69400 
69500 
69600 
69700 SELL 1x 10002
SELL 26x 4894
69800 SELL 22x 4894
69900 SELL 1x 10002
SELL 10x 4896
70000 SELL 30x 4895
70100 SELL 1x 10002
SELL 26x 4895
70200 SELL 2x 4896
70300 SELL 11x 4896
70400 SELL 13x 10002
SELL 31x 4895
70500 SELL 1x 10002
SELL 4x 4898
70600 SELL 1x 10002
SELL 22x 4894
70700 SELL 27x 4894
70800 BUY 5x 9998
SELL 2x 4895
70900 SELL 21x 4894
71000 BUY 3x 9998
SELL 8x 4895
71100 SELL 4x 4896
71200 BUY 1x 9998
SELL 1x 4896
71300 SELL 2x 4896
71400 SELL 2x 10002
SELL 27x 4895
71500 SELL 26x 4895
71600 SELL 7x 4896
71700 BUY 1x 9998
SELL 26x 4895
71800 BUY 1x 9998
SELL 22x 4894
71900 SELL 30x 4894
72000 SELL 6x 4896
72100 BUY 1x 9998
72200 BUY 1x 9998
72300 
72400 
72500 
72600 SELL 4x 4896
72700 
72800 
72900 
73000 
73100 
73200 
73300 
73400 
73500 SELL 12x 4898
73600 BUY 1x 9998
73700 SELL 4x 10002
73800 
73900 
74000 BUY 2x 4893
74100 
74200 
74300 SELL 1x 4897
74400 
74500 SELL 1x 4896
74600 BUY 2x 9998
74700 BUY 6x 4893
74800 
74900 
75000 BUY 4x 9998
75100 
75200 BUY 6x 4893
75300 
75400 
75500 
75600 BUY 9x 9998
75700 SELL 1x 4898
75800 
75900 BUY 3x 4893
76000 
76100 SELL 1x 10002
76200 
76300 
76400 
76500 
76600 
76700 SELL 2x 4896
76800 
76900 SELL 4x 4894
77000 
77100 SELL 10x 4895
77200 SELL 30x 4894
77300 SELL 4x 4895
77400 SELL 29x 4894
77500 SELL 24x 4895
77600 SELL 3x 4895
77700 SELL 1x 10002
SELL 31x 4894
77800 SELL 2x 4895
77900 BUY 1x 9998
SELL 2x 4895
78000 SELL 21x 4894
78100 SELL 23x 4895
78200 SELL 1x 10002
SELL 1x 4899
78300 SELL 25x 4894
78400 SELL 25x 4894
78500 SELL 2x 4894
78600 SELL 25x 4894
78700 SELL 1x 4894
78800 SELL 3x 4899
78900 BUY 1x 9998
SELL 1x 4894
79000 SELL 22x 4894
79100 BUY 5x 9998
SELL 20x 4894
79200 SELL 26x 4895
79300 SELL 1x 4895
79400 SELL 29x 4895
79500 SELL 28x 4895
79600 SELL 25x 4895
79700 SELL 25x 4895
79800 SELL 25x 4894
79900 SELL 1x 4894
80000 SELL 1x 4894
80100 SELL 22x 4894
80200 SELL 22x 4894
80300 BUY 6x 10000
SELL 21x 4894
80400 SELL 25x 4894
80500 BUY 1x 9998
SELL 22x 4894
80600 SELL 31x 4894
80700 SELL 3x 4895
80800 SELL 2x 4894
80900 SELL 28x 4894
81000 SELL 31x 4894
81100 SELL 24x 4894
81200 SELL 29x 4894
81300 SELL 1x 10002
SELL 1x 4899
81400 SELL 1x 4894
81500 SELL 3x 4895
81600 SELL 1x 10002
SELL 28x 4894
81700 SELL 26x 4895
81800 SELL 5x 4896
81900 SELL 28x 4895
82000 SELL 25x 4894
82100 BUY 1x 9998
SELL 4x 4894
82200 
82300 SELL 2x 4894
82400 
82500 BUY 3x 9998
SELL 1x 4896
82600 BUY 5x 10000
82700 
82800 SELL 4x 4897
82900 
83000 SELL 8x 4894
83100 BUY 5x 9998
83200 
83300 SELL 23x 4894
83400 
83500 SELL 1x 4898
83600 
83700 
83800 BUY 2x 9998
83900 SELL 4x 4894
84000 
84100 
84200 SELL 1x 4895
84300 BUY 1x 4891
84400 
84500 
84600 SELL 1x 4894
84700 
84800 
84900 
85000 
85100 
85200 
85300 
85400 
85500 BUY 5x 4891
85600 
85700 
85800 
85900 BUY 8x 9998
86000 BUY 1x 4890
86100 
86200 SELL 3x 4895
86300 
86400 
86500 
86600 BUY 8x 9998
BUY 1x 4891
86700 
86800 
86900 BUY 2x 10000
SELL 1x 4895
87000 
87100 
87200 
87300 
87400 
87500 
87600 SELL 1x 4895
87700 BUY 5x 4891
87800 BUY 1x 9998
87900 SELL 1x 4895
88000 SELL 1x 10002
88100 
88200 BUY 3x 9998
BUY 2x 4893
88300 
88400 SELL 1x 4896
88500 
88600 
88700 BUY 1x 9998
88800 
88900 BUY 4x 4893
89000 
89100 BUY 1x 4889
89200 
89300 
89400 
89500 
89600 BUY 1x 4888
89700 
89800 
89900 BUY 30x 4893
90000 BUY 3x 4891
90100 BUY 1x 9998
BUY 22x 4893
90200 BUY 26x 4893
90300 SELL 1x 10002
BUY 28x 4893
90400 BUY 26x 4893
90500 BUY 1x 4892
90600 BUY 2x 4893
90700 
90800 BUY 1x 9998
BUY 7x 4891
90900 BUY 22x 4893
91000 SELL 1x 10002
BUY 32x 4893
91100 
91200 
91300 SELL 3x 10002
91400 BUY 10x 4892
91500 
91600 BUY 1x 4889
91700 
91800 SELL 6x 10000
BUY 1x 4889
91900 
92000 BUY 3x 4893
92100 
92200 SELL 3x 10002
92300 
92400 BUY 6x 4893
92500 BUY 5x 4893
92600 BUY 1x 4889
92700 
92800 
92900 
93000 
93100 
93200 
93300 BUY 3x 4893
93400 
93500 
93600 BUY 1x 9998
93700 
93800 BUY 5x 9998
93900 
94000 
94100 
94200 BUY 8x 4893
94300 
94400 
94500 
94600 
94700 
94800 
94900 SELL 4x 10002
95000 
95100 
95200 
95300 
95400 
95500 
95600 BUY 1x 9998
95700 SELL 1x 10002
95800 BUY 1x 9998
95900 SELL 1x 4896
96000 SELL 1x 4896
96100 
96200 
96300 
96400 
96500 
96600 SELL 5x 10000
96700 
96800 
96900 BUY 1x 9998
97000 
97100 
97200 SELL 9x 4897
97300 SELL 1x 4897
97400 SELL 1x 4897
97500 
97600 SELL 6x 10000
97700 
97800 
97900 SELL 3x 10002
98000 
98100 
98200 
98300 BUY 1x 9998
98400 
98500 BUY 1x 9998
98600 
98700 
98800 SELL 4x 4894
98900 
99000 BUY 1x 4893
99100 
99200 
99300 BUY 1x 9998
SELL 1x 4895
99400 
99500 BUY 3x 9998
99600 BUY 1x 4892
99700 
99800 
99900 


Submission logs:
2023-03-20T10:39:13Z Orders for product PEARLS exceeded limit of 20 set
2023-03-20T10:39:13Z Orders for product BANANAS exceeded limit of 20 set
2023-03-20T10:39:14Z Orders for product PEARLS exceeded limit of 20 set
2023-03-20T10:39:14Z Orders for product BANANAS exceeded limit of 20 set
2023-03-20T10:39:15Z Orders for product BANANAS exceeded limit of 20 set
2023-03-20T10:39:16Z Orders for product PEARLS exceeded limit of 20 set
2023-03-20T10:39:16Z Orders for product BANANAS exceeded limit of 20 set
2023-03-20T10:39:17Z Orders for product BANANAS exceeded limit of 20 set
2023-03-20T10:39:18Z Orders for product PEARLS exceeded limit of 20 set
2023-03-20T10:39:18Z Orders for product BANANAS exceeded limit of 20 set
2023-03-20T10:39:19Z Orders for product BANANAS exceeded limit of 20 set
2023-03-20T10:39:20Z Orders for product BANANAS exceeded limit of 20 set
2023-03-20T10:39:21Z Orders for product PEARLS exceeded limit of 20 set
2023-03-20T10:39:21Z Orders for product BANANAS exceeded limit of 20 set
2023-03-20T10:39:22Z Orders for product PEARLS exceeded limit of 20 set
2023-03-20T10:39:22Z Orders for product BANANAS exceeded limit of 20 set
2023-03-20T10:39:23Z Orders for product PEARLS exceeded limit of 20 set
2023-03-20T10:39:23Z Orders for product BANANAS exceeded limit of 20 set
2023-03-20T10:39:24Z Orders for product PEARLS exceeded limit of 20 set
2023-03-20T10:39:24Z Orders for product BANANAS exceeded limit of 20 set
2023-03-20T10:39:25Z Orders for product BANANAS exceeded limit of 20 set
2023-03-20T10:39:26Z Orders for product BANANAS exceeded limit of 20 set
2023-03-20T10:39:27Z Orders for product PEARLS exceeded limit of 20 set
2023-03-20T10:39:27Z Orders for product BANANAS exceeded limit of 20 set
2023-03-20T10:39:28Z Orders for product PEARLS exceeded limit of 20 set
2023-03-20T10:39:28Z Orders for product BANANAS exceeded limit of 20 set
2023-03-20T10:39:29Z Orders for product PEARLS exceeded limit of 20 set
2023-03-20T10:39:29Z Orders for product BANANAS exceeded limit of 20 set
2023-03-20T10:39:30Z Orders for product PEARLS exceeded limit of 20 set
2023-03-20T10:39:31Z Orders for product PEARLS exceeded limit of 20 set
2023-03-20T10:39:31Z Orders for product BANANAS exceeded limit of 20 set
2023-03-20T10:39:32Z Orders for product BANANAS exceeded limit of 20 set